<?xml version="1.0" encoding="UTF-8"?>
<!-- Generated by org.testng.reporters.JUnitReportReporter -->
<testsuite hostname="HP-Pavilion-15" failures="0" tests="13" name="com.runner.TestRunnerTestNG" time="184.234" errors="0" timestamp="2025-09-13T20:22:38 IST" skipped="0">
  <testcase classname="com.runner.TestRunnerTestNG" name="runScenario" time="13.222"/>
  <testcase classname="com.runner.TestRunnerTestNG" name="runScenario" time="15.606"/>
  <testcase classname="com.runner.TestRunnerTestNG" name="runScenario" time="4.954"/>
  <testcase classname="com.runner.TestRunnerTestNG" name="runScenario" time="12.544"/>
  <testcase classname="com.runner.TestRunnerTestNG" name="runScenario" time="8.147"/>
  <testcase classname="com.runner.TestRunnerTestNG" name="runScenario" time="13.209"/>
  <testcase classname="com.runner.TestRunnerTestNG" name="runScenario" time="26.213"/>
  <testcase classname="com.runner.TestRunnerTestNG" name="runScenario" time="5.941"/>
  <testcase classname="com.runner.TestRunnerTestNG" name="runScenario" time="62.072"/>
  <testcase classname="com.runner.TestRunnerTestNG" name="runScenario" time="0.001"/>
  <testcase classname="com.runner.TestRunnerTestNG" name="runScenario" time="3.722"/>
  <testcase classname="com.runner.TestRunnerTestNG" name="runScenario" time="11.236"/>
  <testcase classname="com.runner.TestRunnerTestNG" name="runScenario" time="7.367"/>
</testsuite> <!-- com.runner.TestRunnerTestNG -->
