<?xml version="1.0" encoding="UTF-8"?>
<!-- Generated by org.testng.reporters.JUnitReportReporter -->
<testsuite hostname="HP-Pavilion-15" failures="0" tests="2" name="com.runner.TestRunnerTestNG" time="9.100" errors="1" timestamp="2025-09-07T23:37:43 IST" skipped="0">
  <testcase classname="com.runner.TestRunnerTestNG" name="runScenario" time="5.813">
    <error message="element click intercepted: Element &lt;input class=&quot;m-login__input&quot; type=&quot;text&quot; value=&quot;&quot; id=&quot;emailOrMobile&quot; name=&quot;emailOrMobile&quot; maxlength=&quot;100&quot; autocomplete=&quot;off&quot; required=&quot;required&quot; onkeypress=&quot;detectEnterKey(event, validateLoginStep1);&quot;&gt; is not clickable at point (1003, 287). Other element would receive the click: &lt;label class=&quot;m-login__label active&quot; for=&quot;emailOrMobile&quot; id=&quot;emailOrMobileLable&quot;&gt;...&lt;/label&gt;
  (Session info: chrome=140.0.7339.80)
Build info: version: &#039;4.34.0&#039;, revision: &#039;707dcb4246*&#039;
System info: os.name: &#039;Windows 11&#039;, os.arch: &#039;amd64&#039;, os.version: &#039;10.0&#039;, java.version: &#039;21.0.7&#039;
Driver info: org.openqa.selenium.chrome.ChromeDriver
Command: [efa05b7349bc4cae8c2aad621ef713bb, clickElement {id=f.5A52D2F2BA251296FC8A496F9B488BF8.d.8794F996E5751A596DC42E5FF5AE8391.e.8923}]
Capabilities {acceptInsecureCerts: false, browserName: chrome, browserVersion: 140.0.7339.80, chrome: {chromedriverVersion: 140.0.7339.80 (670b6f192f46..., userDataDir: C:\Users\gopik\AppData\Loca...}, fedcm:accounts: true, goog:chromeOptions: {debuggerAddress: localhost:56211}, networkConnectionEnabled: false, pageLoadStrategy: normal, platformName: windows, proxy: Proxy(), se:cdp: ws://localhost:56211/devtoo..., se:cdpVersion: 140.0.7339.80, setWindowRect: true, strictFileInteractability: false, timeouts: {implicit: 0, pageLoad: 300000, script: 30000}, unhandledPromptBehavior: dismiss and notify, webauthn:extension:credBlob: true, webauthn:extension:largeBlob: true, webauthn:extension:minPinLength: true, webauthn:extension:prf: true, webauthn:virtualAuthenticators: true}
Element: [[ChromeDriver: chrome on windows (efa05b7349bc4cae8c2aad621ef713bb)] -&gt; xpath: //*[@id=&quot;emailOrMobile&quot;]]
Session ID: efa05b7349bc4cae8c2aad621ef713bb" type="org.openqa.selenium.ElementClickInterceptedException">
      <![CDATA[org.openqa.selenium.ElementClickInterceptedException: element click intercepted: Element <input class="m-login__input" type="text" value="" id="emailOrMobile" name="emailOrMobile" maxlength="100" autocomplete="off" required="required" onkeypress="detectEnterKey(event, validateLoginStep1);"> is not clickable at point (1003, 287). Other element would receive the click: <label class="m-login__label active" for="emailOrMobile" id="emailOrMobileLable">...</label>
  (Session info: chrome=140.0.7339.80)
Build info: version: '4.34.0', revision: '707dcb4246*'
System info: os.name: 'Windows 11', os.arch: 'amd64', os.version: '10.0', java.version: '21.0.7'
Driver info: org.openqa.selenium.chrome.ChromeDriver
Command: [efa05b7349bc4cae8c2aad621ef713bb, clickElement {id=f.5A52D2F2BA251296FC8A496F9B488BF8.d.8794F996E5751A596DC42E5FF5AE8391.e.8923}]
Capabilities {acceptInsecureCerts: false, browserName: chrome, browserVersion: 140.0.7339.80, chrome: {chromedriverVersion: 140.0.7339.80 (670b6f192f46..., userDataDir: C:\Users\gopik\AppData\Loca...}, fedcm:accounts: true, goog:chromeOptions: {debuggerAddress: localhost:56211}, networkConnectionEnabled: false, pageLoadStrategy: normal, platformName: windows, proxy: Proxy(), se:cdp: ws://localhost:56211/devtoo..., se:cdpVersion: 140.0.7339.80, setWindowRect: true, strictFileInteractability: false, timeouts: {implicit: 0, pageLoad: 300000, script: 30000}, unhandledPromptBehavior: dismiss and notify, webauthn:extension:credBlob: true, webauthn:extension:largeBlob: true, webauthn:extension:minPinLength: true, webauthn:extension:prf: true, webauthn:virtualAuthenticators: true}
Element: [[ChromeDriver: chrome on windows (efa05b7349bc4cae8c2aad621ef713bb)] -> xpath: //*[@id="emailOrMobile"]]
Session ID: efa05b7349bc4cae8c2aad621ef713bb
at java.base/jdk.internal.reflect.DirectConstructorHandleAccessor.newInstance(DirectConstructorHandleAccessor.java:62)
at java.base/java.lang.reflect.Constructor.newInstanceWithCaller(Constructor.java:502)
at java.base/java.lang.reflect.Constructor.newInstance(Constructor.java:486)
at org.openqa.selenium.remote.ErrorCodec.decode(ErrorCodec.java:167)
at org.openqa.selenium.remote.codec.w3c.W3CHttpResponseCodec.decode(W3CHttpResponseCodec.java:138)
at org.openqa.selenium.remote.codec.w3c.W3CHttpResponseCodec.decode(W3CHttpResponseCodec.java:50)
at org.openqa.selenium.remote.HttpCommandExecutor.execute(HttpCommandExecutor.java:215)
at org.openqa.selenium.remote.service.DriverCommandExecutor.invokeExecute(DriverCommandExecutor.java:216)
at org.openqa.selenium.remote.service.DriverCommandExecutor.execute(DriverCommandExecutor.java:174)
at org.openqa.selenium.remote.RemoteWebDriver.execute(RemoteWebDriver.java:544)
at org.openqa.selenium.remote.RemoteWebElement.execute(RemoteWebElement.java:223)
at org.openqa.selenium.remote.RemoteWebElement.click(RemoteWebElement.java:76)
at com.Pages.LoginPage.clickphonenumber(LoginPage.java:40)
at com.stepDefinition.Profile.i_am_redirected_to_the_login_page_and_click_on_phonenumber(Profile.java:29)
at âœ½.I am redirected to the login page and click on phonenumber(file:///C:/Users/gopik/OneDrive/Desktop/Testing_cg/MagicBricks_Testing/src/test/resources/Features/Profile.feature:7)
]]>
    </error>
  </testcase> <!-- runScenario -->
  <testcase classname="com.runner.TestRunnerTestNG" name="runScenario" time="3.287"/>
</testsuite> <!-- com.runner.TestRunnerTestNG -->
