<?xml version="1.0" encoding="UTF-8"?>
<!-- Generated by org.testng.reporters.JUnitReportReporter -->
<testsuite hostname="HP-Pavilion-15" failures="0" tests="13" name="com.runner.TestRunnerTestNG" time="205.465" errors="0" timestamp="2025-09-12T18:30:49 IST" skipped="0">
  <testcase classname="com.runner.TestRunnerTestNG" name="runScenario" time="92.557"/>
  <testcase classname="com.runner.TestRunnerTestNG" name="runScenario" time="9.806"/>
  <testcase classname="com.runner.TestRunnerTestNG" name="runScenario" time="9.130"/>
  <testcase classname="com.runner.TestRunnerTestNG" name="runScenario" time="13.076"/>
  <testcase classname="com.runner.TestRunnerTestNG" name="runScenario" time="5.453"/>
  <testcase classname="com.runner.TestRunnerTestNG" name="runScenario" time="0.001"/>
  <testcase classname="com.runner.TestRunnerTestNG" name="runScenario" time="3.307"/>
  <testcase classname="com.runner.TestRunnerTestNG" name="runScenario" time="11.830"/>
  <testcase classname="com.runner.TestRunnerTestNG" name="runScenario" time="20.687"/>
  <testcase classname="com.runner.TestRunnerTestNG" name="runScenario" time="15.632"/>
  <testcase classname="com.runner.TestRunnerTestNG" name="runScenario" time="3.043"/>
  <testcase classname="com.runner.TestRunnerTestNG" name="runScenario" time="12.458"/>
  <testcase classname="com.runner.TestRunnerTestNG" name="runScenario" time="8.485"/>
</testsuite> <!-- com.runner.TestRunnerTestNG -->
