<?xml version="1.0" encoding="UTF-8"?>
<!-- Generated by org.testng.reporters.JUnitReportReporter -->
<testsuite hostname="HP-Pavilion-15" failures="0" tests="8" name="com.runner.TestRunnerTestNG" time="161.491" errors="0" timestamp="2025-09-12T10:48:56 IST" skipped="0">
  <testcase classname="com.runner.TestRunnerTestNG" name="runScenario" time="101.784"/>
  <testcase classname="com.runner.TestRunnerTestNG" name="runScenario" time="0.217"/>
  <testcase classname="com.runner.TestRunnerTestNG" name="runScenario" time="4.540"/>
  <testcase classname="com.runner.TestRunnerTestNG" name="runScenario" time="13.573"/>
  <testcase classname="com.runner.TestRunnerTestNG" name="runScenario" time="15.649"/>
  <testcase classname="com.runner.TestRunnerTestNG" name="runScenario" time="5.817"/>
  <testcase classname="com.runner.TestRunnerTestNG" name="runScenario" time="7.025"/>
  <testcase classname="com.runner.TestRunnerTestNG" name="runScenario" time="12.886"/>
</testsuite> <!-- com.runner.TestRunnerTestNG -->
