<?xml version="1.0" encoding="UTF-8"?>
<!-- Generated by org.testng.reporters.JUnitReportReporter -->
<testsuite hostname="HP-Pavilion-15" failures="1" tests="4" name="com.runner.TestRunnerTestNG" time="85.448" errors="0" timestamp="2025-09-09T21:22:08 IST" skipped="0">
  <testcase classname="com.runner.TestRunnerTestNG" name="runScenario" time="0.132"/>
  <testcase classname="com.runner.TestRunnerTestNG" name="runScenario" time="8.637"/>
  <testcase classname="com.runner.TestRunnerTestNG" name="runScenario" time="1.587">
    <failure message="Failed to select sortby mostrecent filter. expected [true] but found [false]" type="java.lang.AssertionError">
      <![CDATA[java.lang.AssertionError: Failed to select sortby mostrecent filter. expected [true] but found [false]
at org.testng.Assert.fail(Assert.java:111)
at org.testng.Assert.failNotEquals(Assert.java:1590)
at org.testng.Assert.assertTrue(Assert.java:57)
at com.stepDefinition.ShortlistProperty.clicks_on_sortby_and_selects_most_recent_filter(ShortlistProperty.java:26)
at âœ½.clicks on sortby and selects most recent filter(file:///C:/Users/gopik/OneDrive/Desktop/Testing_cg/MagicBricks_Testing/src/test/resources/Features/shortlist.feature:5)
]]>
    </failure>
  </testcase> <!-- runScenario -->
  <testcase classname="com.runner.TestRunnerTestNG" name="runScenario" time="75.092"/>
</testsuite> <!-- com.runner.TestRunnerTestNG -->
