<?xml version="1.0" encoding="UTF-8"?>
<!-- Generated by org.testng.reporters.JUnitReportReporter -->
<testsuite hostname="HP-Pavilion-15" failures="0" tests="2" name="com.runner.TestRunnerTestNG" time="93.974" errors="0" timestamp="2025-09-07T23:50:23 IST" skipped="0">
  <testcase classname="com.runner.TestRunnerTestNG" name="runScenario" time="3.580"/>
  <testcase classname="com.runner.TestRunnerTestNG" name="runScenario" time="90.394"/>
</testsuite> <!-- com.runner.TestRunnerTestNG -->
