<?xml version="1.0" encoding="UTF-8"?>
<!-- Generated by org.testng.reporters.JUnitReportReporter -->
<testsuite hostname="HP-Pavilion-15" failures="0" tests="2" name="com.runner.TestRunnerTestNG" time="18.592" errors="0" timestamp="2025-09-11T22:38:06 IST" skipped="0">
  <testcase classname="com.runner.TestRunnerTestNG" name="runScenario" time="8.092"/>
  <testcase classname="com.runner.TestRunnerTestNG" name="runScenario" time="10.500"/>
</testsuite> <!-- com.runner.TestRunnerTestNG -->
