<?xml version="1.0" encoding="UTF-8"?>
<!-- Generated by org.testng.reporters.JUnitReportReporter -->
<testsuite hostname="HP-Pavilion-15" failures="0" tests="6" name="com.runner.TestRunnerTestNG" time="82.575" errors="0" timestamp="2025-09-12T00:01:10 IST" skipped="0">
  <testcase classname="com.runner.TestRunnerTestNG" name="runScenario" time="4.854"/>
  <testcase classname="com.runner.TestRunnerTestNG" name="runScenario" time="3.520"/>
  <testcase classname="com.runner.TestRunnerTestNG" name="runScenario" time="0.232"/>
  <testcase classname="com.runner.TestRunnerTestNG" name="runScenario" time="9.704"/>
  <testcase classname="com.runner.TestRunnerTestNG" name="runScenario" time="1.149"/>
  <testcase classname="com.runner.TestRunnerTestNG" name="runScenario" time="63.116"/>
</testsuite> <!-- com.runner.TestRunnerTestNG -->
