<?xml version="1.0" encoding="UTF-8"?>
<!-- Generated by org.testng.reporters.JUnitReportReporter -->
<testsuite hostname="HP-Pavilion-15" failures="0" tests="4" name="com.runner.TestRunnerTestNG" time="92.895" errors="0" timestamp="2025-09-10T10:25:06 IST" skipped="0">
  <testcase classname="com.runner.TestRunnerTestNG" name="runScenario" time="0.102"/>
  <testcase classname="com.runner.TestRunnerTestNG" name="runScenario" time="80.097"/>
  <testcase classname="com.runner.TestRunnerTestNG" name="runScenario" time="6.291"/>
  <testcase classname="com.runner.TestRunnerTestNG" name="runScenario" time="6.405"/>
</testsuite> <!-- com.runner.TestRunnerTestNG -->
