<?xml version="1.0" encoding="UTF-8"?>
<!-- Generated by org.testng.reporters.JUnitReportReporter -->
<testsuite hostname="HP-Pavilion-15" failures="0" tests="5" name="com.runner.TestRunnerTestNG" time="105.186" errors="0" timestamp="2025-09-11T19:52:50 IST" skipped="0">
  <testcase classname="com.runner.TestRunnerTestNG" name="runScenario" time="8.199"/>
  <testcase classname="com.runner.TestRunnerTestNG" name="runScenario" time="3.925"/>
  <testcase classname="com.runner.TestRunnerTestNG" name="runScenario" time="3.708"/>
  <testcase classname="com.runner.TestRunnerTestNG" name="runScenario" time="0.156"/>
  <testcase classname="com.runner.TestRunnerTestNG" name="runScenario" time="89.198"/>
</testsuite> <!-- com.runner.TestRunnerTestNG -->
