<?xml version="1.0" encoding="UTF-8"?>
<!-- Generated by org.testng.reporters.JUnitReportReporter -->
<testsuite hostname="HP-Pavilion-15" failures="0" tests="1" name="com.runner.TestRunnerTestNG" time="3.400" errors="0" timestamp="2025-09-06T14:42:01 IST" skipped="0">
  <testcase classname="com.runner.TestRunnerTestNG" name="runScenario" time="3.400"/>
</testsuite> <!-- com.runner.TestRunnerTestNG -->
