<?xml version="1.0" encoding="UTF-8"?>
<!-- Generated by org.testng.reporters.JUnitReportReporter -->
<testsuite hostname="HP-Pavilion-15" failures="0" tests="13" name="com.runner.TestRunnerTestNG" time="204.341" errors="0" timestamp="2025-09-15T09:35:27 IST" skipped="0">
  <testcase classname="com.runner.TestRunnerTestNG" name="runScenario" time="101.460"/>
  <testcase classname="com.runner.TestRunnerTestNG" name="runScenario" time="0.002"/>
  <testcase classname="com.runner.TestRunnerTestNG" name="runScenario" time="12.700"/>
  <testcase classname="com.runner.TestRunnerTestNG" name="runScenario" time="12.567"/>
  <testcase classname="com.runner.TestRunnerTestNG" name="runScenario" time="10.126"/>
  <testcase classname="com.runner.TestRunnerTestNG" name="runScenario" time="5.378"/>
  <testcase classname="com.runner.TestRunnerTestNG" name="runScenario" time="8.260"/>
  <testcase classname="com.runner.TestRunnerTestNG" name="runScenario" time="15.915"/>
  <testcase classname="com.runner.TestRunnerTestNG" name="runScenario" time="13.223"/>
  <testcase classname="com.runner.TestRunnerTestNG" name="runScenario" time="6.047"/>
  <testcase classname="com.runner.TestRunnerTestNG" name="runScenario" time="2.586"/>
  <testcase classname="com.runner.TestRunnerTestNG" name="runScenario" time="8.322"/>
  <testcase classname="com.runner.TestRunnerTestNG" name="runScenario" time="7.755"/>
</testsuite> <!-- com.runner.TestRunnerTestNG -->
