<?xml version="1.0" encoding="UTF-8"?>
<!-- Generated by org.testng.reporters.JUnitReportReporter -->
<testsuite hostname="HP-Pavilion-15" failures="1" tests="4" name="com.runner.TestRunnerTestNG" time="95.748" errors="0" timestamp="2025-09-10T14:34:06 IST" skipped="0">
  <testcase classname="com.runner.TestRunnerTestNG" name="runScenario" time="0.099"/>
  <testcase classname="com.runner.TestRunnerTestNG" name="runScenario" time="4.880"/>
  <testcase classname="com.runner.TestRunnerTestNG" name="runScenario" time="70.219"/>
  <testcase classname="com.runner.TestRunnerTestNG" name="runScenario" time="20.550">
    <failure message="View Brochure element is not present on the page: expected [true] but found [false]" type="java.lang.AssertionError">
      <![CDATA[java.lang.AssertionError: View Brochure element is not present on the page: expected [true] but found [false]
at org.testng.Assert.fail(Assert.java:111)
at org.testng.Assert.failNotEquals(Assert.java:1590)
at org.testng.Assert.assertTrue(Assert.java:57)
at com.stepDefinition.shortlistProperty.I_validate_the_brochure_in_the_property_page(shortlistProperty.java:48)
at âœ½.I validate the brochure in the property page(file:///C:/Users/gopik/OneDrive/Desktop/Testing_cg/MagicBricks_Testing/src/test/resources/Features/shortlistProperty.feature:9)
]]>
    </failure>
  </testcase> <!-- runScenario -->
</testsuite> <!-- com.runner.TestRunnerTestNG -->
